2024-07-09 20:30:32:3032 - [32minfo[39m - [32maplicação rodando na porta 3000[39m
2024-07-09 20:30:48:3048 - [32minfo[39m - [32maplicação rodando na porta 3000[39m
2024-07-09 20:31:12:3112 - [32minfo[39m - [32maplicação rodando na porta 3000[39m
2024-07-09 20:31:39:3139 - [32minfo[39m - [32mConectou ao banco de dados[39m
2024-07-09 20:31:39:3139 - [32minfo[39m - [32maplicação rodando na porta 3000[39m
2024-07-09 20:32:33:3233 - [32minfo[39m - [32mConectou ao banco de dados[39m
2024-07-09 20:32:33:3233 - [32minfo[39m - [32maplicação rodando na porta 3000[39m
2024-07-09 20:32:43:3243 - [32minfo[39m - [32mConectou ao banco de dados[39m
2024-07-09 20:32:43:3243 - [32minfo[39m - [32maplicação rodando na porta 3000[39m
2024-07-09 20:40:48:4048 - [32minfo[39m - [32mConectou ao banco de dados[39m
2024-07-09 20:40:48:4048 - [32minfo[39m - [32maplicação rodando na porta 3000[39m
2024-07-09 20:41:08:418 - [32minfo[39m - [32mConectou ao banco de dados[39m
2024-07-09 20:41:08:418 - [32minfo[39m - [32maplicação rodando na porta 3000[39m
2024-07-09 20:42:16:4216 - [32minfo[39m - [32mConectou ao banco de dados[39m
2024-07-09 20:42:16:4216 - [32minfo[39m - [32maplicação rodando na porta 3000[39m
2024-07-09 20:42:28:4228 - [32minfo[39m - [32mConectou ao banco de dados[39m
2024-07-09 20:42:28:4228 - [32minfo[39m - [32maplicação rodando na porta 3000[39m
2024-07-09 20:42:39:4239 - [32minfo[39m - [32mConectou ao banco de dados[39m
2024-07-09 20:42:39:4239 - [32minfo[39m - [32maplicação rodando na porta 3000[39m
2024-07-09 20:43:04:434 - [32minfo[39m - [32mConectou ao banco de dados[39m
2024-07-09 20:43:04:434 - [32minfo[39m - [32maplicação rodando na porta 3000[39m
2024-07-09 20:43:43:4343 - [32minfo[39m - [32mConectou ao banco de dados[39m
2024-07-09 20:43:43:4343 - [32minfo[39m - [32maplicação rodando na porta 3000[39m
2024-07-09 20:43:44:4344 - [35mhttp[39m - [35mGET /api/test 200 12 - 1.931 ms[39m
[35m[39m
2024-07-09 20:43:46:4346 - [35mhttp[39m - [35mGET /api/test 200 12 - 0.351 ms[39m
[35m[39m
2024-07-09 20:43:52:4352 - [35mhttp[39m - [35mGET /api/test 200 12 - 0.373 ms[39m
[35m[39m
2024-07-09 20:43:57:4357 - [35mhttp[39m - [35mGET /api/test 200 12 - 0.363 ms[39m
[35m[39m
2024-07-09 20:43:58:4358 - [35mhttp[39m - [35mGET /api/test 200 12 - 0.296 ms[39m
[35m[39m
2024-07-09 20:43:59:4359 - [35mhttp[39m - [35mGET /api/test 200 12 - 0.241 ms[39m
[35m[39m
2024-07-09 20:44:02:442 - [32minfo[39m - [32mConectou ao banco de dados[39m
2024-07-09 20:44:02:442 - [32minfo[39m - [32maplicação rodando na porta 3000[39m
2024-07-09 20:44:44:4444 - [32minfo[39m - [32mConectou ao banco de dados[39m
2024-07-09 20:44:44:4444 - [32minfo[39m - [32maplicação rodando na porta 3000[39m
2024-07-09 22:25:49:2549 - [32minfo[39m - [32mConectou ao banco de dados[39m
2024-07-09 22:25:49:2549 - [32minfo[39m - [32maplicação rodando na porta 3000[39m
2024-07-09 22:25:56:2556 - [32minfo[39m - [32mConectou ao banco de dados[39m
2024-07-09 22:25:56:2556 - [32minfo[39m - [32maplicação rodando na porta 3000[39m
2024-07-09 22:26:16:2616 - [32minfo[39m - [32mConectou ao banco de dados[39m
2024-07-09 22:26:16:2616 - [32minfo[39m - [32maplicação rodando na porta 3000[39m
2024-07-09 22:26:30:2630 - [32minfo[39m - [32mConectou ao banco de dados[39m
2024-07-09 22:26:30:2630 - [32minfo[39m - [32maplicação rodando na porta 3000[39m
2024-07-09 22:26:39:2639 - [32minfo[39m - [32mConectou ao banco de dados[39m
2024-07-09 22:26:39:2639 - [32minfo[39m - [32maplicação rodando na porta 3000[39m
2024-07-09 22:27:09:279 - [35mhttp[39m - [35mPOST /api/movie 200 23 - 2.386 ms[39m
[35m[39m
